<?xml version="1.0" encoding="UTF-8"?>
<testng-results skipped="0" failed="0" total="1" passed="1">
  <reporter-output>
  </reporter-output>
  <suite name="Suite" duration-ms="14297" started-at="2018-12-04T01:50:50Z" finished-at="2018-12-04T01:51:04Z">
    <groups>
    </groups>
    <test name="Test" duration-ms="14297" started-at="2018-12-04T01:50:50Z" finished-at="2018-12-04T01:51:04Z">
      <class name="example.NewTest">
        <test-method status="PASS" signature="setUp()[pri:0, instance:example.NewTest@26be92ad]" name="setUp" is-config="true" duration-ms="6210" started-at="2018-12-04T09:50:50Z" finished-at="2018-12-04T09:50:56Z">
          <reporter-output>
          </reporter-output>
        </test-method> <!-- setUp -->
        <test-method status="PASS" signature="testNg()[pri:0, instance:example.NewTest@26be92ad]" name="testNg" duration-ms="6790" started-at="2018-12-04T09:50:56Z" finished-at="2018-12-04T09:51:03Z">
          <reporter-output>
          </reporter-output>
        </test-method> <!-- testNg -->
        <test-method status="PASS" signature="tearDown()[pri:0, instance:example.NewTest@26be92ad]" name="tearDown" is-config="true" duration-ms="1268" started-at="2018-12-04T09:51:03Z" finished-at="2018-12-04T09:51:04Z">
          <reporter-output>
          </reporter-output>
        </test-method> <!-- tearDown -->
      </class> <!-- example.NewTest -->
    </test> <!-- Test -->
  </suite> <!-- Suite -->
</testng-results>
